app/build/outputs/logs/manifest-merger-debug-report.txt
-- Merging decision tree log ---
manifest
ADDED from src\main\AndroidManifest.xml:18:1-294:12
INJECTED from src\main\AndroidManifest.xml:18:1-294:12
MERGED from [com.android.support:design:27.0.2] AndroidManifest.xml:17:1-22:12
MERGED from [com.android.support:percent:24.2.0] AndroidManifest.xml:17:1-24:12
MERGED from [com.android.support:preference-v14:24.2.0] AndroidManifest.xml:2:1-11:12
MERGED from [com.android.support:preference-v7:24.2.0] AndroidManifest.xml:2:1-11:12
MERGED from [com.android.support:appcompat-v7:27.0.2] AndroidManifest.xml:17:1-22:12
MERGED from [com.android.support:gridlayout-v7:27.0.2] AndroidManifest.xml:17:1-22:12
MERGED from [com.android.support:recyclerview-v7:27.0.2] AndroidManifest.xml:17:1-22:12
MERGED from [com.android.support:support-v13:27.0.2] AndroidManifest.xml:17:1-22:12
MERGED from [com.android.support:support-v4:27.0.2] AndroidManifest.xml:17:1-22:12
MERGED from [com.android.support:transition:27.0.2] AndroidManifest.xml:17:1-22:12
MERGED from [com.android.support:support-fragment:27.0.2] AndroidManifest.xml:17:1-22:12
MERGED from [com.android.support:animated-vector-drawable:27.0.2] AndroidManifest.xml:17:1-22:12
MERGED from [com.android.support:support-core-ui:27.0.2] AndroidManifest.xml:17:1-22:12
MERGED from [com.android.support:support-core-utils:27.0.2] AndroidManifest.xml:17:1-22:12
MERGED from [com.android.support:support-vector-drawable:27.0.2] AndroidManifest.xml:17:1-22:12
MERGED from [com.android.support:support-media-compat:27.0.2] AndroidManifest.xml:17:1-22:12
MERGED from [com.android.support:support-compat:27.0.2] AndroidManifest.xml:17:1-22:12
MERGED from [android.arch.lifecycle:runtime:1.0.3] AndroidManifest.xml:17:1-24:12
INJECTED from src\main\AndroidManifest.xml:18:1-294:12
	package
		ADDED from src\main\AndroidManifest.xml:20:5-36
		INJECTED from src\main\AndroidManifest.xml
		INJECTED from src\main\AndroidManifest.xml
	xmlns:android
		ADDED from src\main\AndroidManifest.xml:19:5-63
original-package
ADDED from src\main\AndroidManifest.xml:22:5-63
	android:name
		ADDED from src\main\AndroidManifest.xml:22:23-60
uses-sdk
ADDED from src\main\AndroidManifest.xml:25:5-66
INJECTED from src\main\AndroidManifest.xml:25:5-66
INJECTED from src\main\AndroidManifest.xml:25:5-66
MERGED from [com.android.support:design:27.0.2] AndroidManifest.xml:20:5-44
MERGED from [com.android.support:design:27.0.2] AndroidManifest.xml:20:5-44
MERGED from [com.android.support:percent:24.2.0] AndroidManifest.xml:20:5-43
MERGED from [com.android.support:percent:24.2.0] AndroidManifest.xml:20:5-43
MERGED from [com.android.support:preference-v14:24.2.0] AndroidManifest.xml:7:5-44
MERGED from [com.android.support:preference-v14:24.2.0] AndroidManifest.xml:7:5-44
MERGED from [com.android.support:preference-v7:24.2.0] AndroidManifest.xml:7:5-43
MERGED from [com.android.support:preference-v7:24.2.0] AndroidManifest.xml:7:5-43
MERGED from [com.android.support:appcompat-v7:27.0.2] AndroidManifest.xml:20:5-44
MERGED from [com.android.support:appcompat-v7:27.0.2] AndroidManifest.xml:20:5-44
MERGED from [com.android.support:gridlayout-v7:27.0.2] AndroidManifest.xml:20:5-44
MERGED from [com.android.support:gridlayout-v7:27.0.2] AndroidManifest.xml:20:5-44
MERGED from [com.android.support:recyclerview-v7:27.0.2] AndroidManifest.xml:20:5-44
MERGED from [com.android.support:recyclerview-v7:27.0.2] AndroidManifest.xml:20:5-44
MERGED from [com.android.support:support-v13:27.0.2] AndroidManifest.xml:20:5-44
MERGED from [com.android.support:support-v13:27.0.2] AndroidManifest.xml:20:5-44
MERGED from [com.android.support:support-v4:27.0.2] AndroidManifest.xml:20:5-44
MERGED from [com.android.support:support-v4:27.0.2] AndroidManifest.xml:20:5-44
MERGED from [com.android.support:transition:27.0.2] AndroidManifest.xml:20:5-44
MERGED from [com.android.support:transition:27.0.2] AndroidManifest.xml:20:5-44
MERGED from [com.android.support:support-fragment:27.0.2] AndroidManifest.xml:20:5-44
MERGED from [com.android.support:support-fragment:27.0.2] AndroidManifest.xml:20:5-44
MERGED from [com.android.support:animated-vector-drawable:27.0.2] AndroidManifest.xml:20:5-44
MERGED from [com.android.support:animated-vector-drawable:27.0.2] AndroidManifest.xml:20:5-44
MERGED from [com.android.support:support-core-ui:27.0.2] AndroidManifest.xml:20:5-44
MERGED from [com.android.support:support-core-ui:27.0.2] AndroidManifest.xml:20:5-44
MERGED from [com.android.support:support-core-utils:27.0.2] AndroidManifest.xml:20:5-44
MERGED from [com.android.support:support-core-utils:27.0.2] AndroidManifest.xml:20:5-44
MERGED from [com.android.support:support-vector-drawable:27.0.2] AndroidManifest.xml:20:5-44
MERGED from [com.android.support:support-vector-drawable:27.0.2] AndroidManifest.xml:20:5-44
MERGED from [com.android.support:support-media-compat:27.0.2] AndroidManifest.xml:20:5-44
MERGED from [com.android.support:support-media-compat:27.0.2] AndroidManifest.xml:20:5-44
MERGED from [com.android.support:support-compat:27.0.2] AndroidManifest.xml:20:5-44
MERGED from [com.android.support:support-compat:27.0.2] AndroidManifest.xml:20:5-44
MERGED from [android.arch.lifecycle:runtime:1.0.3] AndroidManifest.xml:20:5-22:41
MERGED from [android.arch.lifecycle:runtime:1.0.3] AndroidManifest.xml:20:5-22:41
INJECTED from src\main\AndroidManifest.xml:25:5-66
INJECTED from src\main\AndroidManifest.xml:25:5-66
	android:targetSdkVersion
		INJECTED from src\main\AndroidManifest.xml
		ADDED from src\main\AndroidManifest.xml:25:5-66
		INJECTED from src\main\AndroidManifest.xml
	targetSdkVersion
		ADDED from src\main\AndroidManifest.xml:25:42-63
	android:minSdkVersion
		ADDED from src\main\AndroidManifest.xml:25:15-41
		INJECTED from src\main\AndroidManifest.xml
		INJECTED from src\main\AndroidManifest.xml
uses-permission#android.permission.RECEIVE_BOOT_COMPLETED
ADDED from src\main\AndroidManifest.xml:27:5-81
	android:name
		ADDED from src\main\AndroidManifest.xml:27:22-78
uses-permission#android.permission.WAKE_LOCK
ADDED from src\main\AndroidManifest.xml:28:5-68
	android:name
		ADDED from src\main\AndroidManifest.xml:28:22-65
uses-permission#android.permission.VIBRATE
ADDED from src\main\AndroidManifest.xml:29:5-66
	android:name
		ADDED from src\main\AndroidManifest.xml:29:22-63
uses-permission#android.permission.DISABLE_KEYGUARD
ADDED from src\main\AndroidManifest.xml:30:5-75
	android:name
		ADDED from src\main\AndroidManifest.xml:30:22-72
uses-permission#android.permission.READ_EXTERNAL_STORAGE
ADDED from src\main\AndroidManifest.xml:31:5-80
	android:name
		ADDED from src\main\AndroidManifest.xml:31:22-77
uses-permission#android.permission.WRITE_SETTINGS
ADDED from src\main\AndroidManifest.xml:34:5-36:38
	android:maxSdkVersion
		ADDED from src\main\AndroidManifest.xml:36:9-35
	android:name
		ADDED from src\main\AndroidManifest.xml:35:9-57
uses-permission#android.permission.READ_PHONE_STATE
ADDED from src\main\AndroidManifest.xml:38:5-40:38
	android:maxSdkVersion
		ADDED from src\main\AndroidManifest.xml:40:9-35
	android:name
		ADDED from src\main\AndroidManifest.xml:39:9-59
application
ADDED from src\main\AndroidManifest.xml:42:5-293:19
MERGED from [com.android.support:percent:24.2.0] AndroidManifest.xml:22:5-20
MERGED from [com.android.support:percent:24.2.0] AndroidManifest.xml:22:5-20
MERGED from [com.android.support:preference-v14:24.2.0] AndroidManifest.xml:9:5-20
MERGED from [com.android.support:preference-v14:24.2.0] AndroidManifest.xml:9:5-20
MERGED from [com.android.support:preference-v7:24.2.0] AndroidManifest.xml:9:5-20
MERGED from [com.android.support:preference-v7:24.2.0] AndroidManifest.xml:9:5-20
	android:backupAgent
		ADDED from src\main\AndroidManifest.xml:45:9-51
	android:supportsRtl
		ADDED from src\main\AndroidManifest.xml:51:9-35
	android:label
		ADDED from src\main\AndroidManifest.xml:49:9-42
	android:requiredForAllUsers
		ADDED from src\main\AndroidManifest.xml:50:9-43
	android:fullBackupContent
		ADDED from src\main\AndroidManifest.xml:46:9-55
	android:icon
		ADDED from src\main\AndroidManifest.xml:48:9-54
	android:allowBackup
		ADDED from src\main\AndroidManifest.xml:44:9-36
	android:theme
		ADDED from src\main\AndroidManifest.xml:52:9-47
	android:fullBackupOnly
		ADDED from src\main\AndroidManifest.xml:47:9-38
	android:name
		ADDED from src\main\AndroidManifest.xml:43:9-45
activity#com.android.deskclock.DeskClock
ADDED from src\main\AndroidManifest.xml:58:9-70:20
	android:screenOrientation
		ADDED from src\main\AndroidManifest.xml:62:13-49
	android:label
		ADDED from src\main\AndroidManifest.xml:60:13-46
	android:launchMode
		ADDED from src\main\AndroidManifest.xml:61:13-44
	android:windowSoftInputMode
		ADDED from src\main\AndroidManifest.xml:63:13-52
	android:name
		ADDED from src\main\AndroidManifest.xml:59:13-38
intent-filter#android.intent.action.MAIN+android.intent.category.DEFAULT+android.intent.category.LAUNCHER
ADDED from src\main\AndroidManifest.xml:64:13-69:29
action#android.intent.action.MAIN
ADDED from src\main\AndroidManifest.xml:65:17-69
	android:name
		ADDED from src\main\AndroidManifest.xml:65:25-66
category#android.intent.category.DEFAULT
ADDED from src\main\AndroidManifest.xml:67:17-76
	android:name
		ADDED from src\main\AndroidManifest.xml:67:27-73
category#android.intent.category.LAUNCHER
ADDED from src\main\AndroidManifest.xml:68:17-77
	android:name
		ADDED from src\main\AndroidManifest.xml:68:27-74
activity#com.android.deskclock.ringtone.RingtonePickerActivity
ADDED from src\main\AndroidManifest.xml:72:9-76:69
	android:excludeFromRecents
		ADDED from src\main\AndroidManifest.xml:74:13-46
	android:theme
		ADDED from src\main\AndroidManifest.xml:76:13-66
	android:taskAffinity
		ADDED from src\main\AndroidManifest.xml:75:13-36
	android:name
		ADDED from src\main\AndroidManifest.xml:73:13-60
activity#com.android.deskclock.worldclock.CitySelectionActivity
ADDED from src\main\AndroidManifest.xml:78:9-84:68
	android:parentActivityName
		ADDED from src\main\AndroidManifest.xml:82:13-52
	android:label
		ADDED from src\main\AndroidManifest.xml:81:13-58
	android:excludeFromRecents
		ADDED from src\main\AndroidManifest.xml:80:13-46
	android:theme
		ADDED from src\main\AndroidManifest.xml:84:13-65
	android:taskAffinity
		ADDED from src\main\AndroidManifest.xml:83:13-36
	android:name
		ADDED from src\main\AndroidManifest.xml:79:13-61
activity#com.android.deskclock.settings.SettingsActivity
ADDED from src\main\AndroidManifest.xml:86:9-92:63
	android:parentActivityName
		ADDED from src\main\AndroidManifest.xml:90:13-52
	android:label
		ADDED from src\main\AndroidManifest.xml:89:13-45
	android:excludeFromRecents
		ADDED from src\main\AndroidManifest.xml:88:13-46
	android:theme
		ADDED from src\main\AndroidManifest.xml:92:13-60
	android:taskAffinity
		ADDED from src\main\AndroidManifest.xml:91:13-36
	android:name
		ADDED from src\main\AndroidManifest.xml:87:13-54
activity#com.android.deskclock.HandleShortcuts
ADDED from src\main\AndroidManifest.xml:94:9-99:62
	android:excludeFromRecents
		ADDED from src\main\AndroidManifest.xml:96:13-46
	android:launchMode
		ADDED from src\main\AndroidManifest.xml:97:13-48
	android:theme
		ADDED from src\main\AndroidManifest.xml:99:13-59
	android:taskAffinity
		ADDED from src\main\AndroidManifest.xml:98:13-36
	android:name
		ADDED from src\main\AndroidManifest.xml:95:13-44
activity#com.android.deskclock.HandleApiCalls
ADDED from src\main\AndroidManifest.xml:105:9-120:20
	android:excludeFromRecents
		ADDED from src\main\AndroidManifest.xml:107:13-46
	android:launchMode
		ADDED from src\main\AndroidManifest.xml:108:13-48
	android:theme
		ADDED from src\main\AndroidManifest.xml:110:13-59
	android:taskAffinity
		ADDED from src\main\AndroidManifest.xml:109:13-36
	android:name
		ADDED from src\main\AndroidManifest.xml:106:13-43
intent-filter#android.intent.action.DISMISS_ALARM+android.intent.action.SHOW_ALARMS+android.intent.action.SHOW_TIMERS+android.intent.action.SNOOZE_ALARM+android.intent.category.DEFAULT+android.intent.category.VOICE
ADDED from src\main\AndroidManifest.xml:111:13-119:29
action#android.intent.action.DISMISS_ALARM
ADDED from src\main\AndroidManifest.xml:112:17-78
	android:name
		ADDED from src\main\AndroidManifest.xml:112:25-75
action#android.intent.action.SHOW_ALARMS
ADDED from src\main\AndroidManifest.xml:113:17-76
	android:name
		ADDED from src\main\AndroidManifest.xml:113:25-73
action#android.intent.action.SHOW_TIMERS
ADDED from src\main\AndroidManifest.xml:114:17-76
	android:name
		ADDED from src\main\AndroidManifest.xml:114:25-73
action#android.intent.action.SNOOZE_ALARM
ADDED from src\main\AndroidManifest.xml:115:17-77
	android:name
		ADDED from src\main\AndroidManifest.xml:115:25-74
category#android.intent.category.VOICE
ADDED from src\main\AndroidManifest.xml:118:17-74
	android:name
		ADDED from src\main\AndroidManifest.xml:118:27-71
activity-alias#com.android.deskclock.HandleSetAlarmApiCalls
ADDED from src\main\AndroidManifest.xml:122:9-133:26
	android:targetActivity
		ADDED from src\main\AndroidManifest.xml:125:13-53
	android:permission
		ADDED from src\main\AndroidManifest.xml:124:13-72
	android:name
		ADDED from src\main\AndroidManifest.xml:123:13-51
intent-filter#android.intent.action.SET_ALARM+android.intent.action.SET_TIMER+android.intent.category.DEFAULT+android.intent.category.VOICE
ADDED from src\main\AndroidManifest.xml:126:13-132:29
action#android.intent.action.SET_ALARM
ADDED from src\main\AndroidManifest.xml:127:17-74
	android:name
		ADDED from src\main\AndroidManifest.xml:127:25-71
action#android.intent.action.SET_TIMER
ADDED from src\main\AndroidManifest.xml:128:17-74
	android:name
		ADDED from src\main\AndroidManifest.xml:128:25-71
activity#com.android.deskclock.alarms.AlarmActivity
ADDED from src\main\AndroidManifest.xml:139:9-146:63
	android:excludeFromRecents
		ADDED from src\main\AndroidManifest.xml:142:13-46
	android:windowSoftInputMode
		ADDED from src\main\AndroidManifest.xml:146:13-60
	android:resizeableActivity
		ADDED from src\main\AndroidManifest.xml:143:13-47
	android:showOnLockScreen
		ADDED from src\main\AndroidManifest.xml:144:13-44
	android:directBootAware
		ADDED from src\main\AndroidManifest.xml:141:13-43
	android:taskAffinity
		ADDED from src\main\AndroidManifest.xml:145:13-36
	android:name
		ADDED from src\main\AndroidManifest.xml:140:13-49
activity#com.android.deskclock.AlarmSelectionActivity
ADDED from src\main\AndroidManifest.xml:148:9-151:82
	android:label
		ADDED from src\main\AndroidManifest.xml:150:13-50
	android:theme
		ADDED from src\main\AndroidManifest.xml:151:13-79
	android:name
		ADDED from src\main\AndroidManifest.xml:149:13-51
provider#com.android.deskclock.provider.ClockProvider
ADDED from src\main\AndroidManifest.xml:153:9-157:40
	android:authorities
		ADDED from src\main\AndroidManifest.xml:155:13-56
	android:exported
		ADDED from src\main\AndroidManifest.xml:157:13-37
	android:directBootAware
		ADDED from src\main\AndroidManifest.xml:156:13-43
	android:name
		ADDED from src\main\AndroidManifest.xml:154:13-51
receiver#com.android.deskclock.AlarmInitReceiver
ADDED from src\main\AndroidManifest.xml:159:9-170:20
	android:directBootAware
		ADDED from src\main\AndroidManifest.xml:161:13-43
	android:name
		ADDED from src\main\AndroidManifest.xml:160:13-46
intent-filter#android.intent.action.BOOT_COMPLETED+android.intent.action.LOCALE_CHANGED+android.intent.action.LOCKED_BOOT_COMPLETED+android.intent.action.MY_PACKAGE_REPLACED+android.intent.action.TIMEZONE_CHANGED+android.intent.action.TIME_SET
ADDED from src\main\AndroidManifest.xml:162:13-169:29
action#android.intent.action.BOOT_COMPLETED
ADDED from src\main\AndroidManifest.xml:163:17-79
	android:name
		ADDED from src\main\AndroidManifest.xml:163:25-76
action#android.intent.action.LOCALE_CHANGED
ADDED from src\main\AndroidManifest.xml:164:17-79
	android:name
		ADDED from src\main\AndroidManifest.xml:164:25-76
action#android.intent.action.LOCKED_BOOT_COMPLETED
ADDED from src\main\AndroidManifest.xml:165:17-86
	android:name
		ADDED from src\main\AndroidManifest.xml:165:25-83
action#android.intent.action.MY_PACKAGE_REPLACED
ADDED from src\main\AndroidManifest.xml:166:17-84
	android:name
		ADDED from src\main\AndroidManifest.xml:166:25-81
action#android.intent.action.TIME_SET
ADDED from src\main\AndroidManifest.xml:167:17-73
	android:name
		ADDED from src\main\AndroidManifest.xml:167:25-70
action#android.intent.action.TIMEZONE_CHANGED
ADDED from src\main\AndroidManifest.xml:168:17-81
	android:name
		ADDED from src\main\AndroidManifest.xml:168:25-78
receiver#com.android.deskclock.alarms.AlarmStateManager
ADDED from src\main\AndroidManifest.xml:172:9-174:46
	android:directBootAware
		ADDED from src\main\AndroidManifest.xml:174:13-43
	android:name
		ADDED from src\main\AndroidManifest.xml:173:13-53
service#com.android.deskclock.alarms.AlarmService
ADDED from src\main\AndroidManifest.xml:176:9-178:46
	android:directBootAware
		ADDED from src\main\AndroidManifest.xml:178:13-43
	android:name
		ADDED from src\main\AndroidManifest.xml:177:13-48
activity#com.android.deskclock.timer.ExpiredTimersActivity
ADDED from src\main\AndroidManifest.xml:184:9-192:39
	android:excludeFromRecents
		ADDED from src\main\AndroidManifest.xml:188:13-46
	android:launchMode
		ADDED from src\main\AndroidManifest.xml:189:13-48
	android:resizeableActivity
		ADDED from src\main\AndroidManifest.xml:190:13-47
	android:showOnLockScreen
		ADDED from src\main\AndroidManifest.xml:191:13-44
	android:configChanges
		ADDED from src\main\AndroidManifest.xml:186:13-82
	android:directBootAware
		ADDED from src\main\AndroidManifest.xml:187:13-43
	android:taskAffinity
		ADDED from src\main\AndroidManifest.xml:192:13-36
	android:name
		ADDED from src\main\AndroidManifest.xml:185:13-56
receiver#com.android.deskclock.timer.TimerReceiver
ADDED from src\main\AndroidManifest.xml:195:9-201:20
	android:exported
		ADDED from src\main\AndroidManifest.xml:197:13-37
	android:name
		ADDED from src\main\AndroidManifest.xml:196:13-69
intent-filter#times_up
ADDED from src\main\AndroidManifest.xml:198:13-200:29
action#times_up
ADDED from src\main\AndroidManifest.xml:199:17-51
	android:name
		ADDED from src\main\AndroidManifest.xml:199:25-48
service#com.android.deskclock.timer.TimerService
ADDED from src\main\AndroidManifest.xml:203:9-206:46
	android:description
		ADDED from src\main\AndroidManifest.xml:205:13-61
	android:directBootAware
		ADDED from src\main\AndroidManifest.xml:206:13-43
	android:name
		ADDED from src\main\AndroidManifest.xml:204:13-47
service#com.android.deskclock.stopwatch.StopwatchService
ADDED from src\main\AndroidManifest.xml:212:9-215:46
	android:description
		ADDED from src\main\AndroidManifest.xml:214:13-65
	android:directBootAware
		ADDED from src\main\AndroidManifest.xml:215:13-43
	android:name
		ADDED from src\main\AndroidManifest.xml:213:13-55
activity#com.android.deskclock.ScreensaverActivity
ADDED from src\main\AndroidManifest.xml:222:9-226:39
	android:excludeFromRecents
		ADDED from src\main\AndroidManifest.xml:224:13-46
	android:resizeableActivity
		ADDED from src\main\AndroidManifest.xml:225:13-47
	android:taskAffinity
		ADDED from src\main\AndroidManifest.xml:226:13-36
	android:name
		ADDED from src\main\AndroidManifest.xml:223:13-48
activity#com.android.deskclock.settings.ScreensaverSettingsActivity
ADDED from src\main\AndroidManifest.xml:228:9-233:63
	android:label
		ADDED from src\main\AndroidManifest.xml:231:13-57
	android:excludeFromRecents
		ADDED from src\main\AndroidManifest.xml:230:13-46
	android:theme
		ADDED from src\main\AndroidManifest.xml:233:13-60
	android:taskAffinity
		ADDED from src\main\AndroidManifest.xml:232:13-36
	android:name
		ADDED from src\main\AndroidManifest.xml:229:13-65
service#com.android.deskclock.Screensaver
ADDED from src\main\AndroidManifest.xml:235:9-248:19
	android:label
		ADDED from src\main\AndroidManifest.xml:237:13-46
	android:permission
		ADDED from src\main\AndroidManifest.xml:238:13-71
	android:name
		ADDED from src\main\AndroidManifest.xml:236:13-40
intent-filter#android.app.action.NEXT_ALARM_CLOCK_CHANGED+android.intent.category.DEFAULT+android.service.dreams.DreamService
ADDED from src\main\AndroidManifest.xml:239:13-244:29
action#android.service.dreams.DreamService
ADDED from src\main\AndroidManifest.xml:240:17-78
	android:name
		ADDED from src\main\AndroidManifest.xml:240:25-75
action#android.app.action.NEXT_ALARM_CLOCK_CHANGED
ADDED from src\main\AndroidManifest.xml:241:17-86
	android:name
		ADDED from src\main\AndroidManifest.xml:241:25-83
meta-data#android.service.dream
ADDED from src\main\AndroidManifest.xml:245:13-247:60
	android:resource
		ADDED from src\main\AndroidManifest.xml:247:17-57
	android:name
		ADDED from src\main\AndroidManifest.xml:246:17-53
receiver#com.android.alarmclock.AnalogAppWidgetProvider
ADDED from src\main\AndroidManifest.xml:254:9-267:20
	android:label
		ADDED from src\main\AndroidManifest.xml:256:13-50
	android:name
		ADDED from src\main\AndroidManifest.xml:255:13-74
intent-filter#android.appwidget.action.APPWIDGET_UPDATE
ADDED from src\main\AndroidManifest.xml:257:13-259:29
action#android.appwidget.action.APPWIDGET_UPDATE
ADDED from src\main\AndroidManifest.xml:258:17-84
	android:name
		ADDED from src\main\AndroidManifest.xml:258:25-81
meta-data#android.appwidget.oldName
ADDED from src\main\AndroidManifest.xml:261:13-263:81
	android:value
		ADDED from src\main\AndroidManifest.xml:263:17-78
	android:name
		ADDED from src\main\AndroidManifest.xml:262:17-57
meta-data#android.appwidget.provider
ADDED from src\main\AndroidManifest.xml:264:13-266:60
	android:resource
		ADDED from src\main\AndroidManifest.xml:266:17-57
	android:name
		ADDED from src\main\AndroidManifest.xml:265:17-58
receiver#com.android.alarmclock.DigitalAppWidgetProvider
ADDED from src\main\AndroidManifest.xml:269:9-287:20
	android:label
		ADDED from src\main\AndroidManifest.xml:271:13-51
	android:name
		ADDED from src\main\AndroidManifest.xml:270:13-75
intent-filter#android.app.action.NEXT_ALARM_CLOCK_CHANGED+android.appwidget.action.APPWIDGET_UPDATE+android.intent.action.DATE_CHANGED+android.intent.action.LOCALE_CHANGED+android.intent.action.SCREEN_ON+android.intent.action.TIMEZONE_CHANGED+android.intent.action.TIME_SET+com.android.deskclock.ALARM_CHANGED+com.android.deskclock.ON_DAY_CHANGE+com.android.deskclock.WORLD_CITIES_CHANGED
ADDED from src\main\AndroidManifest.xml:272:13-283:29
action#android.intent.action.DATE_CHANGED
ADDED from src\main\AndroidManifest.xml:275:17-77
	android:name
		ADDED from src\main\AndroidManifest.xml:275:25-74
action#android.intent.action.SCREEN_ON
ADDED from src\main\AndroidManifest.xml:277:17-74
	android:name
		ADDED from src\main\AndroidManifest.xml:277:25-71
action#com.android.deskclock.ALARM_CHANGED
ADDED from src\main\AndroidManifest.xml:280:17-78
	android:name
		ADDED from src\main\AndroidManifest.xml:280:25-75
action#com.android.deskclock.ON_DAY_CHANGE
ADDED from src\main\AndroidManifest.xml:281:17-78
	android:name
		ADDED from src\main\AndroidManifest.xml:281:25-75
action#com.android.deskclock.WORLD_CITIES_CHANGED
ADDED from src\main\AndroidManifest.xml:282:17-85
	android:name
		ADDED from src\main\AndroidManifest.xml:282:25-82
service#com.android.alarmclock.DigitalAppWidgetCityService
ADDED from src\main\AndroidManifest.xml:289:9-291:72
	android:permission
		ADDED from src\main\AndroidManifest.xml:291:13-69
	android:name
		ADDED from src\main\AndroidManifest.xml:290:13-78